#
# A fatal error has been detected by the Java Runtime Environment:
#
#  EXCEPTION_ACCESS_VIOLATION (0xc0000005) at pc=0x00000000744a48db, pid=10500, tid=0x000000000000347c
#
# JRE version: Java(TM) SE Runtime Environment (8.0_111-b14) (build 1.8.0_111-b14)
# Java VM: Java HotSpot(TM) 64-Bit Server VM (25.111-b14 mixed mode windows-amd64 compressed oops)
# Problematic frame:
# V  [jvm.dll+0x1148db]
#
# Failed to write core dump. Minidumps are not enabled by default on client versions of Windows
#
# If you would like to submit a bug report, please visit:
#   http://bugreport.java.com/bugreport/crash.jsp
#

---------------  T H R E A D  ---------------

Current thread (0x000000000292a800):  GCTaskThread [stack: 0x0000000012660000,0x0000000012760000] [id=13436]

siginfo: ExceptionCode=0xc0000005, reading address 0x0000000000000008

Registers:
RAX=0x0000000012760000, RBX=0x0000000087c56df0, RCX=0x0000000000000003, RDX=0x0000000000000001
RSP=0x000000001275f6b0, RBP=0x0000000087c57e48, RSI=0x00000000029f9280, RDI=0x00000000029f9280
R8 =0x0000000000000000, R9 =0x00000001000c0ae8, R10=0x000000000000000c, R11=0x000000007498fec8
R12=0x0000000087c57e58, R13=0x00000001000c0cd8, R14=0x00000001000c0ce0, R15=0x0000000087c57e38
RIP=0x00000000744a48db, EFLAGS=0x0000000000010246

Top of Stack: (sp=0x000000001275f6b0)
0x000000001275f6b0:   00000001000c0ae8 0000000087c57ebc
0x000000001275f6c0:   00000000029f9280 00000000745ad2e2
0x000000001275f6d0:   0000000000000000 000000000292aeb0
0x000000001275f6e0:   000000000291dd90 00000000029f9280
0x000000001275f6f0:   0000000000000a8e 00000000747870a0
0x000000001275f700:   00000000029f9280 000000001275f819
0x000000001275f710:   00000000029f9280 00000000749e3338
0x000000001275f720:   0000000017a9a5e0 000000001275f7d0
0x000000001275f730:   000000001a1110d0 0000000000000007
0x000000001275f740:   00000000029f9280 00000000744a2fa2
0x000000001275f750:   0000000088762048 0000000000000000
0x000000001275f760:   0000000000000000 000000000291dd90
0x000000001275f770:   000000000292aec0 000000000292aeb0
0x000000001275f780:   00000000749e3338 00000000029f9280
0x000000001275f790:   0000000000000000 000000001275f819
0x000000001275f7a0:   00000000172a5470 00000000747842b0 

Instructions: (pc=0x00000000744a48db)
0x00000000744a48bb:   6f 00 84 d2 74 16 44 8b 43 08 8b 0d dd 9e 68 00
0x00000000744a48cb:   49 d3 e0 4c 03 05 cb 9e 68 00 eb 04 4c 8b 43 08
0x00000000744a48db:   45 8b 48 08 45 85 c9 7e 0c 41 f6 c1 01 75 4b 41
0x00000000744a48eb:   c1 f9 03 eb 57 79 43 84 d2 41 8b c9 b8 10 00 00 


Register to memory mapping:

RAX=0x0000000012760000 is an unknown value
RBX=0x0000000087c56df0 is pointing into object: 0x0000000087c56c88
com.jfoenix.skins.ValidationPane 
 - klass: 'com/jfoenix/skins/ValidationPane'
RCX=0x0000000000000003 is an unknown value
RDX=0x0000000000000001 is an unknown value
RSP=0x000000001275f6b0 is an unknown value
RBP=0x0000000087c57e48 is pointing into object: 0x0000000087c57e38
javafx.collections.ListChangeBuilder 
 - klass: 'javafx/collections/ListChangeBuilder'
RSI=0x00000000029f9280 is an unknown value
RDI=0x00000000029f9280 is an unknown value
R8 =0x0000000000000000 is an unknown value
R9 =0x00000001000c0ae8 is pointing into metadata
R10=0x000000000000000c is an unknown value
R11=0x000000007498fec8 is an unknown value
R12=0x0000000087c57e58 is an oop
java.util.ArrayList 
 - klass: 'java/util/ArrayList'
R13=0x00000001000c0cd8 is pointing into metadata
R14=0x00000001000c0ce0 is pointing into metadata
R15=0x0000000087c57e38 is an oop
javafx.collections.ListChangeBuilder 
 - klass: 'javafx/collections/ListChangeBuilder'


Stack: [0x0000000012660000,0x0000000012760000],  sp=0x000000001275f6b0,  free space=1021k
Native frames: (J=compiled Java code, j=interpreted, Vv=VM code, C=native code)
V  [jvm.dll+0x1148db]
V  [jvm.dll+0x3f70a0]
V  [jvm.dll+0x3f42b0]
V  [jvm.dll+0x3f1eee]
V  [jvm.dll+0x29c43a]
C  [msvcr100.dll+0x21d9f]
C  [msvcr100.dll+0x21e3b]
C  [KERNEL32.DLL+0x17374]
C  [ntdll.dll+0x4cc91]


---------------  P R O C E S S  ---------------

Java Threads: ( => current thread )
  0x000000001ea88000 JavaThread "mysql-cj-abandoned-connection-cleanup" daemon [_thread_blocked, id=7924, stack(0x00000000257e0000,0x00000000258e0000)]
  0x000000001a004800 JavaThread "Prism Font Disposer" daemon [_thread_blocked, id=13420, stack(0x000000001e240000,0x000000001e340000)]
  0x0000000018efe000 JavaThread "Thread-3" daemon [_thread_blocked, id=3216, stack(0x000000001c580000,0x000000001c680000)]
  0x0000000019cea800 JavaThread "JavaFX-Launcher" [_thread_blocked, id=13424, stack(0x000000001c680000,0x000000001c780000)]
  0x0000000018edd000 JavaThread "JavaFX Application Thread" [_thread_blocked, id=9956, stack(0x0000000019150000,0x0000000019250000)]
  0x0000000018ed0000 JavaThread "Thread-1" daemon [_thread_blocked, id=11220, stack(0x0000000019020000,0x0000000019120000)]
  0x0000000018eca800 JavaThread "QuantumRenderer-0" daemon [_thread_blocked, id=11728, stack(0x0000000018f00000,0x0000000019000000)]
  0x0000000017428800 JavaThread "Service Thread" daemon [_thread_blocked, id=9344, stack(0x0000000018900000,0x0000000018a00000)]
  0x00000000173b0800 JavaThread "C1 CompilerThread1" daemon [_thread_blocked, id=12628, stack(0x0000000018800000,0x0000000018900000)]
  0x00000000173ae800 JavaThread "C2 CompilerThread0" daemon [_thread_blocked, id=10980, stack(0x0000000018700000,0x0000000018800000)]
  0x00000000173ac000 JavaThread "Attach Listener" daemon [_thread_blocked, id=1680, stack(0x0000000018600000,0x0000000018700000)]
  0x00000000173a9000 JavaThread "Signal Dispatcher" daemon [_thread_blocked, id=13660, stack(0x0000000018500000,0x0000000018600000)]
  0x0000000017399800 JavaThread "Finalizer" daemon [_thread_blocked, id=12968, stack(0x0000000018300000,0x0000000018400000)]
  0x00000000029ff000 JavaThread "Reference Handler" daemon [_thread_blocked, id=7968, stack(0x0000000018200000,0x0000000018300000)]
  0x000000000268e800 JavaThread "main" [_thread_blocked, id=13924, stack(0x0000000002810000,0x0000000002910000)]

Other Threads:
  0x0000000017377000 VMThread [stack: 0x0000000018100000,0x0000000018200000] [id=12952]
  0x000000001742e800 WatcherThread [stack: 0x0000000018a00000,0x0000000018b00000] [id=12316]

=>0x000000000292a800 (exited) GCTaskThread [stack: 0x0000000012660000,0x0000000012760000] [id=13436]

VM state:at safepoint (normal execution)

VM Mutex/Monitor currently owned by a thread:  ([mutex/lock_event])
[0x000000000268c8e0] Threads_lock - owner thread: 0x0000000017377000
[0x000000000268cd60] Heap_lock - owner thread: 0x0000000018edd000

Heap:
 PSYoungGen      total 37888K, used 5088K [0x00000000d6180000, 0x00000000dbe80000, 0x0000000100000000)
  eden space 32768K, 0% used [0x00000000d6180000,0x00000000d6180000,0x00000000d8180000)
  from space 5120K, 99% used [0x00000000d8180000,0x00000000d8678040,0x00000000d8680000)
  to   space 16896K, 0% used [0x00000000dae00000,0x00000000dae00000,0x00000000dbe80000)
 ParOldGen       total 124928K, used 103407K [0x0000000082400000, 0x0000000089e00000, 0x00000000d6180000)
  object space 124928K, 82% used [0x0000000082400000,0x00000000888fbe18,0x0000000089e00000)
 Metaspace       used 28030K, capacity 29950K, committed 30080K, reserved 1075200K
  class space    used 3855K, capacity 4182K, committed 4224K, reserved 1048576K

Card table byte_map: [0x0000000011dd0000,0x00000000121c0000] byte_map_base: 0x00000000119be000

Marking Bits: (ParMarkBitMap*) 0x0000000074baa6c0
 Begin Bits: [0x0000000012760000, 0x00000000146d0000)
 End Bits:   [0x00000000146d0000, 0x0000000016640000)

Polling page: 0x0000000000e60000

CodeCache: size=245760Kb used=16494Kb max_used=16550Kb free=229265Kb
 bounds [0x0000000002a10000, 0x0000000003a60000, 0x0000000011a10000]
 total_blobs=6133 nmethods=5357 adapters=686
 compilation: enabled

Compilation events (10 events):
Event: 198.122 Thread 0x00000000173ae800 5992       4       javafx.scene.Node::impl_updatePeer (364 bytes)
Event: 198.131 Thread 0x00000000173b0800 5993       3       com.sun.javafx.sg.prism.CacheFilter::render (547 bytes)
Event: 198.139 Thread 0x00000000173b0800 nmethod 5993 0x00000000030dd810 code [0x00000000030ddc80, 0x00000000030e06d8]
Event: 198.139 Thread 0x00000000173b0800 5994       3       com.sun.javafx.sg.prism.CacheFilter::unmatrix (224 bytes)
Event: 198.144 Thread 0x00000000173b0800 nmethod 5994 0x0000000003125c10 code [0x0000000003125f20, 0x0000000003127768]
Event: 198.144 Thread 0x00000000173b0800 5995       3       com.sun.javafx.sg.prism.NGRegion::doCorner (248 bytes)
Event: 198.146 Thread 0x00000000173b0800 nmethod 5995 0x00000000033b7b50 code [0x00000000033b7d60, 0x00000000033b8b48]
Event: 198.153 Thread 0x00000000173b0800 5996       3       javafx.beans.property.DoublePropertyBase::setValue (9 bytes)
Event: 198.153 Thread 0x00000000173b0800 nmethod 5996 0x000000000307a910 code [0x000000000307aa80, 0x000000000307ace8]
Event: 198.334 Thread 0x00000000173ae800 nmethod 5992 0x0000000003a57890 code [0x0000000003a57e40, 0x0000000003a5b220]

GC Heap History (10 events):
Event: 32.435 GC heap after
Heap after GC invocations=2 (full 0):
 PSYoungGen      total 37888K, used 5105K [0x00000000d6180000, 0x00000000d8b80000, 0x0000000100000000)
  eden space 32768K, 0% used [0x00000000d6180000,0x00000000d6180000,0x00000000d8180000)
  from space 5120K, 99% used [0x00000000d8680000,0x00000000d8b7c788,0x00000000d8b80000)
  to   space 5120K, 0% used [0x00000000d8180000,0x00000000d8180000,0x00000000d8680000)
 ParOldGen       total 86016K, used 5638K [0x0000000082400000, 0x0000000087800000, 0x00000000d6180000)
  object space 86016K, 6% used [0x0000000082400000,0x0000000082981920,0x0000000087800000)
 Metaspace       used 20050K, capacity 21158K, committed 21296K, reserved 1067008K
  class space    used 2859K, capacity 3098K, committed 3200K, reserved 1048576K
}
Event: 32.435 GC heap before
{Heap before GC invocations=3 (full 1):
 PSYoungGen      total 37888K, used 5105K [0x00000000d6180000, 0x00000000d8b80000, 0x0000000100000000)
  eden space 32768K, 0% used [0x00000000d6180000,0x00000000d6180000,0x00000000d8180000)
  from space 5120K, 99% used [0x00000000d8680000,0x00000000d8b7c788,0x00000000d8b80000)
  to   space 5120K, 0% used [0x00000000d8180000,0x00000000d8180000,0x00000000d8680000)
 ParOldGen       total 86016K, used 5638K [0x0000000082400000, 0x0000000087800000, 0x00000000d6180000)
  object space 86016K, 6% used [0x0000000082400000,0x0000000082981920,0x0000000087800000)
 Metaspace       used 20050K, capacity 21158K, committed 21296K, reserved 1067008K
  class space    used 2859K, capacity 3098K, committed 3200K, reserved 1048576K
Event: 32.508 GC heap after
Heap after GC invocations=3 (full 1):
 PSYoungGen      total 37888K, used 0K [0x00000000d6180000, 0x00000000d8b80000, 0x0000000100000000)
  eden space 32768K, 0% used [0x00000000d6180000,0x00000000d6180000,0x00000000d8180000)
  from space 5120K, 0% used [0x00000000d8680000,0x00000000d8680000,0x00000000d8b80000)
  to   space 5120K, 0% used [0x00000000d8180000,0x00000000d8180000,0x00000000d8680000)
 ParOldGen       total 50688K, used 10573K [0x0000000082400000, 0x0000000085580000, 0x00000000d6180000)
  object space 50688K, 20% used [0x0000000082400000,0x0000000082e53410,0x0000000085580000)
 Metaspace       used 20050K, capacity 21158K, committed 21296K, reserved 1067008K
  class space    used 2859K, capacity 3098K, committed 3200K, reserved 1048576K
}
Event: 36.709 GC heap before
{Heap before GC invocations=4 (full 1):
 PSYoungGen      total 37888K, used 32768K [0x00000000d6180000, 0x00000000d8b80000, 0x0000000100000000)
  eden space 32768K, 100% used [0x00000000d6180000,0x00000000d8180000,0x00000000d8180000)
  from space 5120K, 0% used [0x00000000d8680000,0x00000000d8680000,0x00000000d8b80000)
  to   space 5120K, 0% used [0x00000000d8180000,0x00000000d8180000,0x00000000d8680000)
 ParOldGen       total 124928K, used 84301K [0x0000000082400000, 0x0000000089e00000, 0x00000000d6180000)
  object space 124928K, 67% used [0x0000000082400000,0x0000000087653420,0x0000000089e00000)
 Metaspace       used 26020K, capacity 27620K, committed 27904K, reserved 1073152K
  class space    used 3675K, capacity 3973K, committed 4096K, reserved 1048576K
Event: 36.723 GC heap after
Heap after GC invocations=4 (full 1):
 PSYoungGen      total 37888K, used 5102K [0x00000000d6180000, 0x00000000d8b80000, 0x0000000100000000)
  eden space 32768K, 0% used [0x00000000d6180000,0x00000000d6180000,0x00000000d8180000)
  from space 5120K, 99% used [0x00000000d8180000,0x00000000d867b910,0x00000000d8680000)
  to   space 5120K, 0% used [0x00000000d8680000,0x00000000d8680000,0x00000000d8b80000)
 ParOldGen       total 124928K, used 86440K [0x0000000082400000, 0x0000000089e00000, 0x00000000d6180000)
  object space 124928K, 69% used [0x0000000082400000,0x000000008786a158,0x0000000089e00000)
 Metaspace       used 26020K, capacity 27620K, committed 27904K, reserved 1073152K
  class space    used 3675K, capacity 3973K, committed 4096K, reserved 1048576K
}
Event: 38.444 GC heap before
{Heap before GC invocations=5 (full 1):
 PSYoungGen      total 37888K, used 37870K [0x00000000d6180000, 0x00000000d8b80000, 0x0000000100000000)
  eden space 32768K, 100% used [0x00000000d6180000,0x00000000d8180000,0x00000000d8180000)
  from space 5120K, 99% used [0x00000000d8180000,0x00000000d867b910,0x00000000d8680000)
  to   space 5120K, 0% used [0x00000000d8680000,0x00000000d8680000,0x00000000d8b80000)
 ParOldGen       total 124928K, used 86440K [0x0000000082400000, 0x0000000089e00000, 0x00000000d6180000)
  object space 124928K, 69% used [0x0000000082400000,0x000000008786a158,0x0000000089e00000)
 Metaspace       used 27087K, capacity 28958K, committed 29312K, reserved 1075200K
  class space    used 3788K, capacity 4104K, committed 4224K, reserved 1048576K
Event: 38.576 GC heap after
Heap after GC invocations=5 (full 1):
 PSYoungGen      total 37888K, used 5088K [0x00000000d6180000, 0x00000000da880000, 0x0000000100000000)
  eden space 32768K, 0% used [0x00000000d6180000,0x00000000d6180000,0x00000000d8180000)
  from space 5120K, 99% used [0x00000000d8680000,0x00000000d8b78050,0x00000000d8b80000)
  to   space 5120K, 0% used [0x00000000d8180000,0x00000000d8180000,0x00000000d8680000)
 ParOldGen       total 124928K, used 97479K [0x0000000082400000, 0x0000000089e00000, 0x00000000d6180000)
  object space 124928K, 78% used [0x0000000082400000,0x0000000088331e18,0x0000000089e00000)
 Metaspace       used 27087K, capacity 28958K, committed 29312K, reserved 1075200K
  class space    used 3788K, capacity 4104K, committed 4224K, reserved 1048576K
}
Event: 198.663 GC heap before
{Heap before GC invocations=6 (full 1):
 PSYoungGen      total 37888K, used 37856K [0x00000000d6180000, 0x00000000da880000, 0x0000000100000000)
  eden space 32768K, 100% used [0x00000000d6180000,0x00000000d8180000,0x00000000d8180000)
  from space 5120K, 99% used [0x00000000d8680000,0x00000000d8b78050,0x00000000d8b80000)
  to   space 5120K, 0% used [0x00000000d8180000,0x00000000d8180000,0x00000000d8680000)
 ParOldGen       total 124928K, used 97479K [0x0000000082400000, 0x0000000089e00000, 0x00000000d6180000)
  object space 124928K, 78% used [0x0000000082400000,0x0000000088331e18,0x0000000089e00000)
 Metaspace       used 28030K, capacity 29950K, committed 30080K, reserved 1075200K
  class space    used 3855K, capacity 4182K, committed 4224K, reserved 1048576K
Event: 198.685 GC heap after
Heap after GC invocations=6 (full 1):
 PSYoungGen      total 37888K, used 5088K [0x00000000d6180000, 0x00000000dbe80000, 0x0000000100000000)
  eden space 32768K, 0% used [0x00000000d6180000,0x00000000d6180000,0x00000000d8180000)
  from space 5120K, 99% used [0x00000000d8180000,0x00000000d8678040,0x00000000d8680000)
  to   space 16896K, 0% used [0x00000000dae00000,0x00000000dae00000,0x00000000dbe80000)
 ParOldGen       total 124928K, used 103407K [0x0000000082400000, 0x0000000089e00000, 0x00000000d6180000)
  object space 124928K, 82% used [0x0000000082400000,0x00000000888fbe18,0x0000000089e00000)
 Metaspace       used 28030K, capacity 29950K, committed 30080K, reserved 1075200K
  class space    used 3855K, capacity 4182K, committed 4224K, reserved 1048576K
}
Event: 198.685 GC heap before
{Heap before GC invocations=7 (full 2):
 PSYoungGen      total 37888K, used 5088K [0x00000000d6180000, 0x00000000dbe80000, 0x0000000100000000)
  eden space 32768K, 0% used [0x00000000d6180000,0x00000000d6180000,0x00000000d8180000)
  from space 5120K, 99% used [0x00000000d8180000,0x00000000d8678040,0x00000000d8680000)
  to   space 16896K, 0% used [0x00000000dae00000,0x00000000dae00000,0x00000000dbe80000)
 ParOldGen       total 124928K, used 103407K [0x0000000082400000, 0x0000000089e00000, 0x00000000d6180000)
  object space 124928K, 82% used [0x0000000082400000,0x00000000888fbe18,0x0000000089e00000)
 Metaspace       used 28030K, capacity 29950K, committed 30080K, reserved 1075200K
  class space    used 3855K, capacity 4182K, committed 4224K, reserved 1048576K

Deoptimization events (10 events):
Event: 37.103 Thread 0x0000000018edd000 Uncommon trap: reason=bimorphic action=maybe_recompile pc=0x0000000002e87128 method=java.util.HashMap.putVal(ILjava/lang/Object;Ljava/lang/Object;ZZ)Ljava/lang/Object; @ 203
Event: 39.550 Thread 0x0000000018edd000 Uncommon trap: reason=bimorphic action=maybe_recompile pc=0x00000000032c55a4 method=javafx.scene.Node.getGeomBounds(Lcom/sun/javafx/geom/BaseBounds;Lcom/sun/javafx/geom/transform/BaseTransform;)Lcom/sun/javafx/geom/BaseBounds; @ 123
Event: 39.551 Thread 0x0000000018edd000 Uncommon trap: reason=bimorphic action=maybe_recompile pc=0x00000000032c55a4 method=javafx.scene.Node.getGeomBounds(Lcom/sun/javafx/geom/BaseBounds;Lcom/sun/javafx/geom/transform/BaseTransform;)Lcom/sun/javafx/geom/BaseBounds; @ 123
Event: 39.552 Thread 0x0000000018edd000 Uncommon trap: reason=bimorphic action=maybe_recompile pc=0x00000000032c55a4 method=javafx.scene.Node.getGeomBounds(Lcom/sun/javafx/geom/BaseBounds;Lcom/sun/javafx/geom/transform/BaseTransform;)Lcom/sun/javafx/geom/BaseBounds; @ 123
Event: 39.553 Thread 0x0000000018edd000 Uncommon trap: reason=bimorphic action=maybe_recompile pc=0x00000000032c55a4 method=javafx.scene.Node.getGeomBounds(Lcom/sun/javafx/geom/BaseBounds;Lcom/sun/javafx/geom/transform/BaseTransform;)Lcom/sun/javafx/geom/BaseBounds; @ 123
Event: 39.569 Thread 0x0000000018edd000 Uncommon trap: reason=bimorphic action=maybe_recompile pc=0x00000000032c82c0 method=javafx.scene.Node.getGeomBounds(Lcom/sun/javafx/geom/BaseBounds;Lcom/sun/javafx/geom/transform/BaseTransform;)Lcom/sun/javafx/geom/BaseBounds; @ 123
Event: 43.533 Thread 0x0000000018edd000 Uncommon trap: reason=unstable_if action=reinterpret pc=0x00000000038aadf0 method=javafx.scene.Node.impl_intersectsBounds(Lcom/sun/javafx/geom/PickRay;)D @ 902
Event: 50.084 Thread 0x0000000018edd000 Uncommon trap: reason=unstable_if action=reinterpret pc=0x00000000037fdca8 method=javafx.scene.CssStyleHelper.updateParentTriggerStates(Ljavafx/css/Styleable;I[Lcom/sun/javafx/css/PseudoClassState;)V @ 20
Event: 50.095 Thread 0x0000000018edd000 Uncommon trap: reason=unstable_if action=reinterpret pc=0x0000000003221a78 method=javafx.scene.CssStyleHelper.resolveRef(Ljavafx/css/Styleable;Ljava/lang/String;Lcom/sun/javafx/css/StyleMap;Ljava/util/Set;)Lcom/sun/javafx/css/CascadingStyle; @ 66
Event: 85.120 Thread 0x0000000018eca800 Uncommon trap: reason=unstable_if action=reinterpret pc=0x0000000002f9b33c method=com.sun.javafx.sg.prism.NGNode.clearDirtyTree()V @ 70

Internal exceptions (10 events):
Event: 4.589 Thread 0x0000000018edd000 Exception <a 'java/io/FileNotFoundException'> (0x00000000d6e7dda0) thrown at [C:\re\workspace\8-2-build-windows-amd64-cygwin\jdk8u111\7883\hotspot\src\share\vm\prims\jni.cpp, line 709]
Event: 4.590 Thread 0x0000000018edd000 Exception <a 'java/io/FileNotFoundException'> (0x00000000d6e7f0a8) thrown at [C:\re\workspace\8-2-build-windows-amd64-cygwin\jdk8u111\7883\hotspot\src\share\vm\prims\jni.cpp, line 709]
Event: 4.600 Thread 0x0000000018edd000 Exception <a 'java/io/FileNotFoundException'> (0x00000000d6e9fbe8) thrown at [C:\re\workspace\8-2-build-windows-amd64-cygwin\jdk8u111\7883\hotspot\src\share\vm\prims\jni.cpp, line 709]
Event: 4.601 Thread 0x0000000018edd000 Exception <a 'java/io/FileNotFoundException'> (0x00000000d6ea0e60) thrown at [C:\re\workspace\8-2-build-windows-amd64-cygwin\jdk8u111\7883\hotspot\src\share\vm\prims\jni.cpp, line 709]
Event: 27.000 Thread 0x0000000018edd000 Implicit null exception at 0x0000000003198e46 to 0x00000000031994f9
Event: 32.521 Thread 0x0000000018edd000 Implicit null exception at 0x0000000002c94c16 to 0x0000000002c94fad
Event: 35.513 Thread 0x0000000018edd000 Exception <a 'java/lang/ArrayIndexOutOfBoundsException': 79> (0x00000000d704c158) thrown at [C:\re\workspace\8-2-build-windows-amd64-cygwin\jdk8u111\7883\hotspot\src\share\vm\interpreter\interpreterRuntime.cpp, line 366]
Event: 35.513 Thread 0x0000000018edd000 Exception <a 'java/lang/ArrayIndexOutOfBoundsException': 52> (0x00000000d704d340) thrown at [C:\re\workspace\8-2-build-windows-amd64-cygwin\jdk8u111\7883\hotspot\src\share\vm\interpreter\interpreterRuntime.cpp, line 366]
Event: 35.513 Thread 0x0000000018edd000 Exception <a 'java/lang/ArrayIndexOutOfBoundsException': 114> (0x00000000d704ef80) thrown at [C:\re\workspace\8-2-build-windows-amd64-cygwin\jdk8u111\7883\hotspot\src\share\vm\interpreter\interpreterRuntime.cpp, line 366]
Event: 36.166 Thread 0x0000000018edd000 Exception <a 'java/lang/ArrayIndexOutOfBoundsException'> (0x00000000d749bd48) thrown at [C:\re\workspace\8-2-build-windows-amd64-cygwin\jdk8u111\7883\hotspot\src\share\vm\runtime\sharedRuntime.cpp, line 605]

Events (10 events):
Event: 185.775 Thread 0x00000000173b0800 flushing nmethod 0x000000000320f410
Event: 185.775 Thread 0x00000000173b0800 flushing nmethod 0x000000000325e9d0
Event: 185.776 Thread 0x00000000173b0800 flushing nmethod 0x00000000032a4a50
Event: 185.776 Thread 0x00000000173b0800 flushing nmethod 0x00000000032c0490
Event: 190.003 Thread 0x00000000173ae800 flushing nmethod 0x0000000003357dd0
Event: 190.003 Thread 0x00000000173ae800 flushing nmethod 0x00000000033b7810
Event: 190.093 Thread 0x00000000173ae800 flushing nmethod 0x000000000371e210
Event: 190.353 Thread 0x00000000173b0800 flushing nmethod 0x000000000385ed50
Event: 190.353 Thread 0x00000000173b0800 flushing nmethod 0x00000000038c3d50
Event: 198.663 Executing VM operation: ParallelGCFailedAllocation


Dynamic libraries:
0x00007ff6414f0000 - 0x00007ff641527000 	C:\Program Files\Java\jdk1.8.0_111\jre\bin\java.exe
0x00007ffeaabd0000 - 0x00007ffeaadc8000 	C:\WINDOWS\SYSTEM32\ntdll.dll
0x00007ffeaa5f0000 - 0x00007ffeaa6b2000 	C:\WINDOWS\System32\KERNEL32.DLL
0x00007ffea8250000 - 0x00007ffea8546000 	C:\WINDOWS\System32\KERNELBASE.dll
0x00007ffea9980000 - 0x00007ffea9a31000 	C:\WINDOWS\System32\ADVAPI32.dll
0x00007ffea8be0000 - 0x00007ffea8c7e000 	C:\WINDOWS\System32\msvcrt.dll
0x00007ffea9cf0000 - 0x00007ffea9d8f000 	C:\WINDOWS\System32\sechost.dll
0x00007ffeaa880000 - 0x00007ffeaa9a3000 	C:\WINDOWS\System32\RPCRT4.dll
0x00007ffea8bb0000 - 0x00007ffea8bd7000 	C:\WINDOWS\System32\bcrypt.dll
0x00007ffea9b20000 - 0x00007ffea9cbd000 	C:\WINDOWS\System32\USER32.dll
0x00007ffea8670000 - 0x00007ffea8692000 	C:\WINDOWS\System32\win32u.dll
0x00007ffea9ee0000 - 0x00007ffea9f0b000 	C:\WINDOWS\System32\GDI32.dll
0x00007ffea8550000 - 0x00007ffea866a000 	C:\WINDOWS\System32\gdi32full.dll
0x00007ffea8750000 - 0x00007ffea87ed000 	C:\WINDOWS\System32\msvcp_win.dll
0x00007ffea89a0000 - 0x00007ffea8aa0000 	C:\WINDOWS\System32\ucrtbase.dll
0x00007ffe96970000 - 0x00007ffe96c0a000 	C:\WINDOWS\WinSxS\amd64_microsoft.windows.common-controls_6595b64144ccf1df_6.0.19041.4355_none_60b8b9eb71f62e16\COMCTL32.dll
0x00007ffea9cc0000 - 0x00007ffea9cef000 	C:\WINDOWS\System32\IMM32.DLL
0x00000000741b0000 - 0x00000000741bc000 	C:\Program Files (x86)\360\Total Security\safemon\SafeWrapper.dll
0x00007ffe7ca70000 - 0x00007ffe7cb1c000 	C:\Program Files (x86)\360\Total Security\safemon\libzdtp64.dll
0x00007ffea8ce0000 - 0x00007ffea944f000 	C:\WINDOWS\System32\SHELL32.dll
0x00007ffea95b0000 - 0x00007ffea9605000 	C:\WINDOWS\System32\SHLWAPI.dll
0x00007ffea7eb0000 - 0x00007ffea7eba000 	C:\WINDOWS\SYSTEM32\VERSION.dll
0x0000000073e40000 - 0x0000000073f12000 	C:\Program Files\Java\jdk1.8.0_111\jre\bin\msvcr100.dll
0x0000000074390000 - 0x0000000074c2a000 	C:\Program Files\Java\jdk1.8.0_111\jre\bin\server\jvm.dll
0x00007ffeaab80000 - 0x00007ffeaab88000 	C:\WINDOWS\System32\PSAPI.DLL
0x00007ffe95d30000 - 0x00007ffe95d39000 	C:\WINDOWS\SYSTEM32\WSOCK32.dll
0x00007ffe96760000 - 0x00007ffe96787000 	C:\WINDOWS\SYSTEM32\WINMM.dll
0x00007ffeaa580000 - 0x00007ffeaa5eb000 	C:\WINDOWS\System32\WS2_32.dll
0x00000000742a0000 - 0x00000000742af000 	C:\Program Files\Java\jdk1.8.0_111\jre\bin\verify.dll
0x0000000074270000 - 0x0000000074299000 	C:\Program Files\Java\jdk1.8.0_111\jre\bin\java.dll
0x0000000074250000 - 0x0000000074266000 	C:\Program Files\Java\jdk1.8.0_111\jre\bin\zip.dll
0x00007ffea6260000 - 0x00007ffea6a03000 	C:\WINDOWS\SYSTEM32\windows.storage.dll
0x00007ffea9610000 - 0x00007ffea9965000 	C:\WINDOWS\System32\combase.dll
0x00007ffea7b40000 - 0x00007ffea7b6b000 	C:\WINDOWS\SYSTEM32\Wldp.dll
0x00007ffea9d90000 - 0x00007ffea9e5d000 	C:\WINDOWS\System32\OLEAUT32.dll
0x00007ffea9500000 - 0x00007ffea95ad000 	C:\WINDOWS\System32\SHCORE.dll
0x00007ffea8180000 - 0x00007ffea81a5000 	C:\WINDOWS\SYSTEM32\profapi.dll
0x00007ffe7c980000 - 0x00007ffe7ca6f000 	C:\Program Files\Java\jdk1.8.0_111\jre\bin\msvcr120.dll
0x00007ffe7c080000 - 0x00007ffe7c126000 	C:\Program Files\Java\jdk1.8.0_111\jre\bin\msvcp120.dll
0x0000000073080000 - 0x00000000730a2000 	C:\Program Files\Java\jdk1.8.0_111\jre\bin\prism_d3d.dll
0x00007ffe655e0000 - 0x00007ffe657b1000 	C:\WINDOWS\system32\d3d9.dll
0x00007ffea6060000 - 0x00007ffea6072000 	C:\WINDOWS\SYSTEM32\kernel.appcore.dll
0x00007ffea5c60000 - 0x00007ffea5c8f000 	C:\WINDOWS\SYSTEM32\dwmapi.dll
0x00007ffea5af0000 - 0x00007ffea5b8e000 	C:\WINDOWS\system32\uxtheme.dll
0x00007ffe649c0000 - 0x00007ffe655e0000 	C:\WINDOWS\SYSTEM32\igdumd64.dll
0x0000000073030000 - 0x0000000073073000 	C:\Program Files\Java\jdk1.8.0_111\jre\bin\glass.dll
0x00007ffea9a40000 - 0x00007ffea9b1a000 	C:\WINDOWS\System32\COMDLG32.dll
0x00007ffeaa450000 - 0x00007ffeaa57b000 	C:\WINDOWS\System32\ole32.dll
0x00007ffeaa9b0000 - 0x00007ffeaaac5000 	C:\WINDOWS\System32\MSCTF.dll
0x00007ffea8b20000 - 0x00007ffea8ba2000 	C:\WINDOWS\System32\bcryptPrimitives.dll
0x0000000073010000 - 0x0000000073024000 	C:\Program Files\Java\jdk1.8.0_111\jre\bin\javafx_font.dll
0x00007ffe9ce20000 - 0x00007ffe9d09f000 	C:\WINDOWS\SYSTEM32\dwrite.dll
0x00007ffea7a90000 - 0x00007ffea7aa8000 	C:\WINDOWS\SYSTEM32\CRYPTSP.dll
0x00007ffea71c0000 - 0x00007ffea71f8000 	C:\WINDOWS\system32\rsaenh.dll
0x00007ffea8140000 - 0x00007ffea816e000 	C:\WINDOWS\SYSTEM32\USERENV.dll
0x00007ffea7ab0000 - 0x00007ffea7abc000 	C:\WINDOWS\SYSTEM32\CRYPTBASE.dll
0x0000000074220000 - 0x000000007423a000 	C:\Program Files\Java\jdk1.8.0_111\jre\bin\net.dll
0x00007ffea78a0000 - 0x00007ffea790c000 	C:\WINDOWS\system32\mswsock.dll
0x00007ffea7580000 - 0x00007ffea75bb000 	C:\WINDOWS\SYSTEM32\IPHLPAPI.DLL
0x00007ffeaa870000 - 0x00007ffeaa878000 	C:\WINDOWS\System32\NSI.dll
0x00007ffe9e780000 - 0x00007ffe9e797000 	C:\WINDOWS\SYSTEM32\dhcpcsvc6.DLL
0x00007ffe9eaf0000 - 0x00007ffe9eb0d000 	C:\WINDOWS\SYSTEM32\dhcpcsvc.DLL
0x00007ffea75c0000 - 0x00007ffea768a000 	C:\WINDOWS\SYSTEM32\DNSAPI.dll
0x0000000074200000 - 0x0000000074211000 	C:\Program Files\Java\jdk1.8.0_111\jre\bin\nio.dll
0x00007ffeaaad0000 - 0x00007ffeaab79000 	C:\WINDOWS\System32\clbcatq.dll
0x00007ffea5930000 - 0x00007ffea5ae4000 	C:\WINDOWS\SYSTEM32\WindowsCodecs.dll
0x00007ffe90540000 - 0x00007ffe9057e000 	C:\WINDOWS\system32\dataexchange.dll
0x00007ffea2f90000 - 0x00007ffea31f3000 	C:\WINDOWS\system32\d3d11.dll
0x00007ffea37c0000 - 0x00007ffea39a4000 	C:\WINDOWS\system32\dcomp.dll
0x00007ffea6a70000 - 0x00007ffea6b66000 	C:\WINDOWS\system32\dxgi.dll
0x00007ffea1c90000 - 0x00007ffea1e93000 	C:\WINDOWS\system32\twinapi.appcore.dll
0x00007ffe91fd0000 - 0x00007ffe92004000 	C:\Program Files\Common Files\Microsoft Shared\Ink\rtscom.dll
0x00007ffea2bc0000 - 0x00007ffea2cb9000 	C:\WINDOWS\SYSTEM32\textinputframework.dll
0x00007ffea4050000 - 0x00007ffea43ab000 	C:\WINDOWS\System32\CoreUIComponents.dll
0x00007ffea4580000 - 0x00007ffea4672000 	C:\WINDOWS\System32\CoreMessaging.dll
0x00007ffea7410000 - 0x00007ffea7443000 	C:\WINDOWS\SYSTEM32\ntmarta.dll
0x00007ffea5120000 - 0x00007ffea5277000 	C:\WINDOWS\SYSTEM32\wintypes.dll
0x00007ffe84230000 - 0x00007ffe84524000 	C:\WINDOWS\SYSTEM32\UIAutomationCore.DLL
0x00007ffea53f0000 - 0x00007ffea54e6000 	C:\WINDOWS\SYSTEM32\PROPSYS.dll
0x00007ffe93780000 - 0x00007ffe937ff000 	C:\Windows\System32\OneCoreCommonProxyStub.dll
0x0000000072ff0000 - 0x0000000073001000 	C:\Program Files\Java\jdk1.8.0_111\jre\bin\prism_common.dll
0x00007ffea3200000 - 0x00007ffea37c0000 	C:\WINDOWS\SYSTEM32\d2d1.dll
0x00007ffe9eb10000 - 0x00007ffe9f206000 	C:\WINDOWS\SYSTEM32\D3D10Warp.dll
0x00007ffe9d830000 - 0x00007ffe9d86b000 	C:\WINDOWS\SYSTEM32\dxcore.dll
0x00007ffea8950000 - 0x00007ffea899e000 	C:\WINDOWS\System32\cfgmgr32.dll
0x00007ffe9c6f0000 - 0x00007ffe9c6fa000 	C:\Windows\System32\rasadhlp.dll
0x00007ffe9de60000 - 0x00007ffe9dee0000 	C:\WINDOWS\System32\fwpuclnt.dll
0x0000000072fc0000 - 0x0000000072fe3000 	C:\Program Files\Java\jdk1.8.0_111\jre\bin\javafx_iio.dll
0x00007ffe98ad0000 - 0x00007ffe98b36000 	C:\WINDOWS\SYSTEM32\OLEACC.dll
0x00007ffea7f30000 - 0x00007ffea7fd2000 	C:\WINDOWS\SYSTEM32\sxs.dll
0x00007ffe96570000 - 0x00007ffe96754000 	C:\WINDOWS\SYSTEM32\dbghelp.dll

VM Arguments:
jvm_args: -Dfile.encoding=UTF-8 
java_command: C:\Users\ABUO BERNARD\Documents\NetBeansProjects\FinalYearProject_PharmacyManagementSystem\dist\run665774135\FinalYearProject_PharmacyManagementSystem.jar
java_class_path (initial): C:\Users\ABUO BERNARD\Documents\NetBeansProjects\FinalYearProject_PharmacyManagementSystem\dist\run665774135\FinalYearProject_PharmacyManagementSystem.jar
Launcher Type: SUN_STANDARD

Environment Variables:
PATH=C:\Program Files\Common Files\Oracle\Java\javapath;C:\ProgramData\Oracle\Java\javapath;C:\WINDOWS\system32;C:\WINDOWS;C:\WINDOWS\System32\Wbem;C:\WINDOWS\System32\WindowsPowerShell\v1.0\;C:\WINDOWS\System32\OpenSSH\;C:\xampp\php;C:\xampp\mysql\bin\mysqldump\;C:\Program Files\nodejs;C:\Program Files\MongoDB\mongosh-2.4.2-win32-x64\bin;C:\Program Files\Java\jdk-22\bin;C:\Program Files\Java\jdk1.8.0_111\bin;C:\Program Files\Git\cmd;C:\Users\ABUO BERNARD\Documents\NetBeansJDKs\openjdk-21.0.2_windows-x64_bin\jdk-21.0.2\bin;C:\Users\ABUO BERNARD\AppData\Local\Programs\Python\Python310\Scripts\;C:\Users\ABUO BERNARD\AppData\Local\Programs\Python\Python310\;C:\Users\ABUO BERNARD\AppData\Local\Microsoft\WindowsApps;C:\Users\ABUO BERNARD\AppData\Local\Programs\Microsoft VS Code\bin;C:\Program Files\JetBrains\PyCharm Community Edition 2022.2.3\bin;;C:\Users\ABUO BERNARD\AppData\Roaming\Composer\vendor\bin;C:\Users\ABUO BERNARD\AppData\Local\GitHubDesktop\bin;C:\Users\ABUO BERNARD\AppData\Roaming\npm;C:\Program Files\nodejs;
USERNAME=ABUO BERNARD
OS=Windows_NT
PROCESSOR_IDENTIFIER=Intel64 Family 6 Model 42 Stepping 7, GenuineIntel



---------------  S Y S T E M  ---------------

OS: Windows 10.0 , 64 bit Build 19041 (10.0.19041.5678)

CPU:total 3 (2 cores per cpu, 2 threads per core) family 6 model 42 stepping 7, cmov, cx8, fxsr, mmx, sse, sse2, sse3, ssse3, sse4.1, sse4.2, popcnt, avx, aes, clmul, ht, tsc, tscinvbit

Memory: 4k page, physical 8236908k(1201024k free), swap 11455992k(1907428k free)

vm_info: Java HotSpot(TM) 64-Bit Server VM (25.111-b14) for windows-amd64 JRE (1.8.0_111-b14), built on Sep 22 2016 19:24:05 by "java_re" with MS VC++ 10.0 (VS2010)

time: Fri May 30 00:21:01 2025
elapsed time: 198 seconds (0d 0h 3m 18s)

